[0.015s] Invoking command in '/home/bhavana/ROS2/my_beginner_tutorials/build/beginner_tutorials': CMAKE_PREFIX_PATH=/opt/ros/humble /usr/bin/cmake /home/bhavana/ROS2/my_beginner_tutorials/src/beginner_tutorials -DCMAKE_EXPORT_COMPILE_COMMANDS=ON -DCMAKE_INSTALL_PREFIX=/home/bhavana/ROS2/my_beginner_tutorials/install/beginner_tutorials
[0.067s] -- The C compiler identification is GNU 11.4.0
[0.115s] -- The CXX compiler identification is GNU 11.4.0
[0.121s] -- Detecting C compiler ABI info
[0.181s] -- Detecting C compiler ABI info - done
[0.186s] -- Check for working C compiler: /usr/bin/cc - skipped
[0.186s] -- Detecting C compile features
[0.186s] -- Detecting C compile features - done
[0.188s] -- Detecting CXX compiler ABI info
[0.255s] -- Detecting CXX compiler ABI info - done
[0.260s] -- Check for working CXX compiler: /usr/bin/c++ - skipped
[0.260s] -- Detecting CXX compile features
[0.261s] -- Detecting CXX compile features - done
[0.262s] -- Found ament_cmake: 1.3.10 (/opt/ros/humble/share/ament_cmake/cmake)
[0.550s] -- Found Python3: /usr/bin/python3 (found version "3.10.12") found components: Interpreter 
[0.614s] -- Found rclcpp: 16.0.10 (/opt/ros/humble/share/rclcpp/cmake)
[0.650s] -- Found rosidl_generator_c: 3.1.5 (/opt/ros/humble/share/rosidl_generator_c/cmake)
[0.654s] -- Found rosidl_adapter: 3.1.5 (/opt/ros/humble/share/rosidl_adapter/cmake)
[0.659s] -- Found rosidl_generator_cpp: 3.1.5 (/opt/ros/humble/share/rosidl_generator_cpp/cmake)
[0.668s] -- Using all available rosidl_typesupport_c: rosidl_typesupport_fastrtps_c;rosidl_typesupport_introspection_c
[0.679s] -- Using all available rosidl_typesupport_cpp: rosidl_typesupport_fastrtps_cpp;rosidl_typesupport_introspection_cpp
[0.708s] -- Found rmw_implementation_cmake: 6.1.2 (/opt/ros/humble/share/rmw_implementation_cmake/cmake)
[0.710s] -- Found rmw_cyclonedds_cpp: 1.3.4 (/opt/ros/humble/share/rmw_cyclonedds_cpp/cmake)
[0.723s] -- Using RMW implementation 'rmw_cyclonedds_cpp' as default
[0.730s] -- Looking for pthread.h
[0.793s] -- Looking for pthread.h - found
[0.793s] -- Performing Test CMAKE_HAVE_LIBC_PTHREAD
[0.856s] -- Performing Test CMAKE_HAVE_LIBC_PTHREAD - Success
[0.857s] -- Found Threads: TRUE  
[0.895s] -- Found ament_lint_auto: 0.12.11 (/opt/ros/humble/share/ament_lint_auto/cmake)
[0.951s] -- Added test 'cppcheck' to perform static code analysis on C / C++ code
[0.951s] -- Configured cppcheck include dirs: 
[0.951s] -- Configured cppcheck exclude dirs and/or files: 
[0.951s] -- Added test 'lint_cmake' to check CMake code style
[0.952s] -- Added test 'uncrustify' to check C / C++ code style
[0.952s] -- Configured uncrustify additional arguments: 
[0.952s] -- Added test 'xmllint' to check XML markup files
[0.953s] -- Configuring done
[0.961s] -- Generating done
[0.962s] -- Build files have been written to: /home/bhavana/ROS2/my_beginner_tutorials/build/beginner_tutorials
[0.970s] Invoked command in '/home/bhavana/ROS2/my_beginner_tutorials/build/beginner_tutorials' returned '0': CMAKE_PREFIX_PATH=/opt/ros/humble /usr/bin/cmake /home/bhavana/ROS2/my_beginner_tutorials/src/beginner_tutorials -DCMAKE_EXPORT_COMPILE_COMMANDS=ON -DCMAKE_INSTALL_PREFIX=/home/bhavana/ROS2/my_beginner_tutorials/install/beginner_tutorials
[0.972s] Invoking command in '/home/bhavana/ROS2/my_beginner_tutorials/build/beginner_tutorials': CMAKE_PREFIX_PATH=/opt/ros/humble /usr/bin/cmake --build /home/bhavana/ROS2/my_beginner_tutorials/build/beginner_tutorials -- -j4 -l4
[1.017s] [ 25%] [32mBuilding CXX object CMakeFiles/listener.dir/src/subscriber_member_function.cpp.o[0m
[1.017s] [ 50%] [32mBuilding CXX object CMakeFiles/talker.dir/src/publisher_member_function.cpp.o[0m
[4.190s] [ 75%] [32m[1mLinking CXX executable talker[0m
[4.335s] [ 75%] Built target talker
[6.781s] [100%] [32m[1mLinking CXX executable listener[0m
[7.064s] [100%] Built target listener
[7.073s] Invoked command in '/home/bhavana/ROS2/my_beginner_tutorials/build/beginner_tutorials' returned '0': CMAKE_PREFIX_PATH=/opt/ros/humble /usr/bin/cmake --build /home/bhavana/ROS2/my_beginner_tutorials/build/beginner_tutorials -- -j4 -l4
[7.111s] Invoking command in '/home/bhavana/ROS2/my_beginner_tutorials/build/beginner_tutorials': CMAKE_PREFIX_PATH=/opt/ros/humble /usr/bin/cmake --install /home/bhavana/ROS2/my_beginner_tutorials/build/beginner_tutorials
[7.117s] -- Install configuration: ""
[7.117s] -- Installing: /home/bhavana/ROS2/my_beginner_tutorials/install/beginner_tutorials/lib/beginner_tutorials/talker
[7.118s] -- Set runtime path of "/home/bhavana/ROS2/my_beginner_tutorials/install/beginner_tutorials/lib/beginner_tutorials/talker" to ""
[7.118s] -- Installing: /home/bhavana/ROS2/my_beginner_tutorials/install/beginner_tutorials/lib/beginner_tutorials/listener
[7.121s] -- Set runtime path of "/home/bhavana/ROS2/my_beginner_tutorials/install/beginner_tutorials/lib/beginner_tutorials/listener" to ""
[7.121s] -- Installing: /home/bhavana/ROS2/my_beginner_tutorials/install/beginner_tutorials/share/ament_index/resource_index/package_run_dependencies/beginner_tutorials
[7.121s] -- Installing: /home/bhavana/ROS2/my_beginner_tutorials/install/beginner_tutorials/share/ament_index/resource_index/parent_prefix_path/beginner_tutorials
[7.121s] -- Installing: /home/bhavana/ROS2/my_beginner_tutorials/install/beginner_tutorials/share/beginner_tutorials/environment/ament_prefix_path.sh
[7.122s] -- Installing: /home/bhavana/ROS2/my_beginner_tutorials/install/beginner_tutorials/share/beginner_tutorials/environment/ament_prefix_path.dsv
[7.122s] -- Installing: /home/bhavana/ROS2/my_beginner_tutorials/install/beginner_tutorials/share/beginner_tutorials/environment/path.sh
[7.122s] -- Installing: /home/bhavana/ROS2/my_beginner_tutorials/install/beginner_tutorials/share/beginner_tutorials/environment/path.dsv
[7.122s] -- Installing: /home/bhavana/ROS2/my_beginner_tutorials/install/beginner_tutorials/share/beginner_tutorials/local_setup.bash
[7.122s] -- Installing: /home/bhavana/ROS2/my_beginner_tutorials/install/beginner_tutorials/share/beginner_tutorials/local_setup.sh
[7.122s] -- Installing: /home/bhavana/ROS2/my_beginner_tutorials/install/beginner_tutorials/share/beginner_tutorials/local_setup.zsh
[7.123s] -- Installing: /home/bhavana/ROS2/my_beginner_tutorials/install/beginner_tutorials/share/beginner_tutorials/local_setup.dsv
[7.123s] -- Installing: /home/bhavana/ROS2/my_beginner_tutorials/install/beginner_tutorials/share/beginner_tutorials/package.dsv
[7.123s] -- Installing: /home/bhavana/ROS2/my_beginner_tutorials/install/beginner_tutorials/share/ament_index/resource_index/packages/beginner_tutorials
[7.123s] -- Installing: /home/bhavana/ROS2/my_beginner_tutorials/install/beginner_tutorials/share/beginner_tutorials/cmake/beginner_tutorialsConfig.cmake
[7.123s] -- Installing: /home/bhavana/ROS2/my_beginner_tutorials/install/beginner_tutorials/share/beginner_tutorials/cmake/beginner_tutorialsConfig-version.cmake
[7.123s] -- Installing: /home/bhavana/ROS2/my_beginner_tutorials/install/beginner_tutorials/share/beginner_tutorials/package.xml
[7.124s] Invoked command in '/home/bhavana/ROS2/my_beginner_tutorials/build/beginner_tutorials' returned '0': CMAKE_PREFIX_PATH=/opt/ros/humble /usr/bin/cmake --install /home/bhavana/ROS2/my_beginner_tutorials/build/beginner_tutorials
