[0.016s] Invoking command in '/home/bhavana/my_beginner_tutorials/build/beginner_tutorials': CMAKE_PREFIX_PATH=${CMAKE_PREFIX_PATH}:/opt/ros/humble /usr/bin/cmake /home/bhavana/my_beginner_tutorials/src/beginner_tutorials -DCMAKE_INSTALL_PREFIX=/home/bhavana/my_beginner_tutorials/install/beginner_tutorials
[0.353s] -- The C compiler identification is GNU 11.4.0
[0.510s] -- The CXX compiler identification is GNU 11.4.0
[0.524s] -- Detecting C compiler ABI info
[0.670s] -- Detecting C compiler ABI info - done
[0.675s] -- Check for working C compiler: /usr/bin/cc - skipped
[0.676s] -- Detecting C compile features
[0.676s] -- Detecting C compile features - done
[0.680s] -- Detecting CXX compiler ABI info
[0.757s] -- Detecting CXX compiler ABI info - done
[0.761s] -- Check for working CXX compiler: /usr/bin/c++ - skipped
[0.761s] -- Detecting CXX compile features
[0.761s] -- Detecting CXX compile features - done
[0.774s] -- Found ament_cmake: 1.3.10 (/opt/ros/humble/share/ament_cmake/cmake)
[1.118s] -- Found Python3: /usr/bin/python3 (found version "3.10.12") found components: Interpreter 
[1.201s] -- Found rclcpp: 16.0.10 (/opt/ros/humble/share/rclcpp/cmake)
[1.248s] -- Found rosidl_generator_c: 3.1.5 (/opt/ros/humble/share/rosidl_generator_c/cmake)
[1.254s] -- Found rosidl_adapter: 3.1.5 (/opt/ros/humble/share/rosidl_adapter/cmake)
[1.259s] -- Found rosidl_generator_cpp: 3.1.5 (/opt/ros/humble/share/rosidl_generator_cpp/cmake)
[1.272s] -- Using all available rosidl_typesupport_c: rosidl_typesupport_fastrtps_c;rosidl_typesupport_introspection_c
[1.289s] -- Using all available rosidl_typesupport_cpp: rosidl_typesupport_fastrtps_cpp;rosidl_typesupport_introspection_cpp
[1.332s] -- Found rmw_implementation_cmake: 6.1.2 (/opt/ros/humble/share/rmw_implementation_cmake/cmake)
[1.335s] -- Found rmw_cyclonedds_cpp: 1.3.4 (/opt/ros/humble/share/rmw_cyclonedds_cpp/cmake)
[1.358s] -- Using RMW implementation 'rmw_cyclonedds_cpp' as default
[1.367s] -- Looking for pthread.h
[1.463s] -- Looking for pthread.h - found
[1.463s] -- Performing Test CMAKE_HAVE_LIBC_PTHREAD
[1.558s] -- Performing Test CMAKE_HAVE_LIBC_PTHREAD - Success
[1.558s] -- Found Threads: TRUE  
[1.609s] -- Found example_interfaces: 0.9.3 (/opt/ros/humble/share/example_interfaces/cmake)
[1.659s] -- Found ament_lint_auto: 0.12.11 (/opt/ros/humble/share/ament_lint_auto/cmake)
[1.722s] -- Added test 'cppcheck' to perform static code analysis on C / C++ code
[1.722s] -- Configured cppcheck include dirs: 
[1.722s] -- Configured cppcheck exclude dirs and/or files: 
[1.724s] -- Added test 'flake8' to check Python code syntax and style conventions
[1.724s] -- Added test 'lint_cmake' to check CMake code style
[1.724s] -- Added test 'pep257' to check Python code against some of the docstring style conventions in PEP 257
[1.725s] -- Added test 'uncrustify' to check C / C++ code style
[1.725s] -- Configured uncrustify additional arguments: 
[1.725s] -- Added test 'xmllint' to check XML markup files
[1.727s] -- Configuring done
[1.747s] -- Generating done
[1.747s] -- Build files have been written to: /home/bhavana/my_beginner_tutorials/build/beginner_tutorials
[1.759s] Invoked command in '/home/bhavana/my_beginner_tutorials/build/beginner_tutorials' returned '0': CMAKE_PREFIX_PATH=${CMAKE_PREFIX_PATH}:/opt/ros/humble /usr/bin/cmake /home/bhavana/my_beginner_tutorials/src/beginner_tutorials -DCMAKE_INSTALL_PREFIX=/home/bhavana/my_beginner_tutorials/install/beginner_tutorials
[1.759s] Invoking command in '/home/bhavana/my_beginner_tutorials/build/beginner_tutorials': CMAKE_PREFIX_PATH=${CMAKE_PREFIX_PATH}:/opt/ros/humble /usr/bin/cmake --build /home/bhavana/my_beginner_tutorials/build/beginner_tutorials -- -j4 -l4
[1.803s] [ 25%] [32mBuilding CXX object CMakeFiles/talker.dir/src/publisher_member_function.cpp.o[0m
[1.803s] [ 50%] [32mBuilding CXX object CMakeFiles/listener.dir/src/subscriber_member_function.cpp.o[0m
[9.504s] [ 75%] [32m[1mLinking CXX executable talker[0m
[9.788s] [ 75%] Built target talker
[11.618s] [100%] [32m[1mLinking CXX executable listener[0m
[11.920s] [100%] Built target listener
[11.934s] Invoked command in '/home/bhavana/my_beginner_tutorials/build/beginner_tutorials' returned '0': CMAKE_PREFIX_PATH=${CMAKE_PREFIX_PATH}:/opt/ros/humble /usr/bin/cmake --build /home/bhavana/my_beginner_tutorials/build/beginner_tutorials -- -j4 -l4
[11.981s] Invoking command in '/home/bhavana/my_beginner_tutorials/build/beginner_tutorials': CMAKE_PREFIX_PATH=${CMAKE_PREFIX_PATH}:/opt/ros/humble /usr/bin/cmake --install /home/bhavana/my_beginner_tutorials/build/beginner_tutorials
[11.988s] -- Install configuration: ""
[11.988s] -- Installing: /home/bhavana/my_beginner_tutorials/install/beginner_tutorials/lib/beginner_tutorials/talker
[11.991s] -- Set runtime path of "/home/bhavana/my_beginner_tutorials/install/beginner_tutorials/lib/beginner_tutorials/talker" to ""
[11.991s] -- Installing: /home/bhavana/my_beginner_tutorials/install/beginner_tutorials/lib/beginner_tutorials/listener
[11.994s] -- Set runtime path of "/home/bhavana/my_beginner_tutorials/install/beginner_tutorials/lib/beginner_tutorials/listener" to ""
[11.995s] -- Installing: /home/bhavana/my_beginner_tutorials/install/beginner_tutorials/share/beginner_tutorials/launch
[11.995s] -- Installing: /home/bhavana/my_beginner_tutorials/install/beginner_tutorials/share/beginner_tutorials/launch/minimal_pubsub_launch.py
[11.995s] -- Installing: /home/bhavana/my_beginner_tutorials/install/beginner_tutorials/share/ament_index/resource_index/package_run_dependencies/beginner_tutorials
[11.995s] -- Installing: /home/bhavana/my_beginner_tutorials/install/beginner_tutorials/share/ament_index/resource_index/parent_prefix_path/beginner_tutorials
[11.996s] -- Installing: /home/bhavana/my_beginner_tutorials/install/beginner_tutorials/share/beginner_tutorials/environment/ament_prefix_path.sh
[11.996s] -- Installing: /home/bhavana/my_beginner_tutorials/install/beginner_tutorials/share/beginner_tutorials/environment/ament_prefix_path.dsv
[11.996s] -- Installing: /home/bhavana/my_beginner_tutorials/install/beginner_tutorials/share/beginner_tutorials/environment/path.sh
[11.996s] -- Installing: /home/bhavana/my_beginner_tutorials/install/beginner_tutorials/share/beginner_tutorials/environment/path.dsv
[11.996s] -- Installing: /home/bhavana/my_beginner_tutorials/install/beginner_tutorials/share/beginner_tutorials/local_setup.bash
[11.996s] -- Installing: /home/bhavana/my_beginner_tutorials/install/beginner_tutorials/share/beginner_tutorials/local_setup.sh
[11.996s] -- Installing: /home/bhavana/my_beginner_tutorials/install/beginner_tutorials/share/beginner_tutorials/local_setup.zsh
[11.996s] -- Installing: /home/bhavana/my_beginner_tutorials/install/beginner_tutorials/share/beginner_tutorials/local_setup.dsv
[11.996s] -- Installing: /home/bhavana/my_beginner_tutorials/install/beginner_tutorials/share/beginner_tutorials/package.dsv
[11.997s] -- Installing: /home/bhavana/my_beginner_tutorials/install/beginner_tutorials/share/ament_index/resource_index/packages/beginner_tutorials
[11.997s] -- Installing: /home/bhavana/my_beginner_tutorials/install/beginner_tutorials/share/beginner_tutorials/cmake/beginner_tutorialsConfig.cmake
[11.997s] -- Installing: /home/bhavana/my_beginner_tutorials/install/beginner_tutorials/share/beginner_tutorials/cmake/beginner_tutorialsConfig-version.cmake
[11.997s] -- Installing: /home/bhavana/my_beginner_tutorials/install/beginner_tutorials/share/beginner_tutorials/package.xml
[11.999s] Invoked command in '/home/bhavana/my_beginner_tutorials/build/beginner_tutorials' returned '0': CMAKE_PREFIX_PATH=${CMAKE_PREFIX_PATH}:/opt/ros/humble /usr/bin/cmake --install /home/bhavana/my_beginner_tutorials/build/beginner_tutorials
