[0.011s] Invoking command in '/home/bhavana/my_beginner_tutorials/build/beginner_tutorials': CMAKE_PREFIX_PATH=${CMAKE_PREFIX_PATH}:/opt/ros/humble /usr/bin/cmake --build /home/bhavana/my_beginner_tutorials/build/beginner_tutorials -- -j4 -l4
[0.032s] -- Found ament_cmake: 1.3.10 (/opt/ros/humble/share/ament_cmake/cmake)
[0.125s] -- Found rclcpp: 16.0.10 (/opt/ros/humble/share/rclcpp/cmake)
[0.145s] -- Found rosidl_generator_c: 3.1.5 (/opt/ros/humble/share/rosidl_generator_c/cmake)
[0.147s] -- Found rosidl_adapter: 3.1.5 (/opt/ros/humble/share/rosidl_adapter/cmake)
[0.151s] -- Found rosidl_generator_cpp: 3.1.5 (/opt/ros/humble/share/rosidl_generator_cpp/cmake)
[0.159s] -- Using all available rosidl_typesupport_c: rosidl_typesupport_fastrtps_c;rosidl_typesupport_introspection_c
[0.168s] -- Using all available rosidl_typesupport_cpp: rosidl_typesupport_fastrtps_cpp;rosidl_typesupport_introspection_cpp
[0.189s] -- Found rmw_implementation_cmake: 6.1.2 (/opt/ros/humble/share/rmw_implementation_cmake/cmake)
[0.189s] -- Found rmw_cyclonedds_cpp: 1.3.4 (/opt/ros/humble/share/rmw_cyclonedds_cpp/cmake)
[0.201s] -- Using RMW implementation 'rmw_cyclonedds_cpp' as default
[0.235s] -- Found example_interfaces: 0.9.3 (/opt/ros/humble/share/example_interfaces/cmake)
[0.257s] -- Found geometry_msgs: 4.2.4 (/opt/ros/humble/share/geometry_msgs/cmake)
[0.265s] -- Found tf2: 0.25.8 (/opt/ros/humble/share/tf2/cmake)
[0.268s] -- Found tf2_ros: 0.25.8 (/opt/ros/humble/share/tf2_ros/cmake)
[0.304s] -- Found turtlesim: 1.4.2 (/opt/ros/humble/share/turtlesim/cmake)
[0.315s] -- Found ament_lint_auto: 0.12.11 (/opt/ros/humble/share/ament_lint_auto/cmake)
[0.367s] -- Added test 'cppcheck' to perform static code analysis on C / C++ code
[0.368s] -- Configured cppcheck include dirs: 
[0.368s] -- Configured cppcheck exclude dirs and/or files: 
[0.368s] -- Added test 'flake8' to check Python code syntax and style conventions
[0.368s] -- Added test 'lint_cmake' to check CMake code style
[0.368s] -- Added test 'pep257' to check Python code against some of the docstring style conventions in PEP 257
[0.368s] -- Added test 'uncrustify' to check C / C++ code style
[0.369s] -- Configured uncrustify additional arguments: 
[0.369s] -- Added test 'xmllint' to check XML markup files
[0.369s] -- Configuring done
[0.384s] -- Generating done
[0.386s] -- Build files have been written to: /home/bhavana/my_beginner_tutorials/build/beginner_tutorials
[0.413s] [35m[1mConsolidate compiler generated dependencies of target talker[0m
[0.415s] [35m[1mConsolidate compiler generated dependencies of target listener[0m
[0.422s] [ 16%] [32mBuilding CXX object CMakeFiles/test_talker.dir/test/test_talker.cpp.o[0m
[0.427s] [ 50%] Built target talker
[0.432s] [ 83%] Built target listener
[15.127s] [100%] [32m[1mLinking CXX executable test_talker[0m
[15.762s] [100%] Built target test_talker
[15.773s] Invoked command in '/home/bhavana/my_beginner_tutorials/build/beginner_tutorials' returned '0': CMAKE_PREFIX_PATH=${CMAKE_PREFIX_PATH}:/opt/ros/humble /usr/bin/cmake --build /home/bhavana/my_beginner_tutorials/build/beginner_tutorials -- -j4 -l4
[15.819s] Invoking command in '/home/bhavana/my_beginner_tutorials/build/beginner_tutorials': CMAKE_PREFIX_PATH=${CMAKE_PREFIX_PATH}:/opt/ros/humble /usr/bin/cmake --install /home/bhavana/my_beginner_tutorials/build/beginner_tutorials
[15.825s] -- Install configuration: ""
[15.826s] -- Up-to-date: /home/bhavana/my_beginner_tutorials/install/beginner_tutorials/lib/beginner_tutorials/talker
[15.826s] -- Up-to-date: /home/bhavana/my_beginner_tutorials/install/beginner_tutorials/lib/beginner_tutorials/listener
[15.826s] -- Up-to-date: /home/bhavana/my_beginner_tutorials/install/beginner_tutorials/share/beginner_tutorials/launch
[15.826s] -- Up-to-date: /home/bhavana/my_beginner_tutorials/install/beginner_tutorials/share/beginner_tutorials/launch/ros_bag_launch.py
[15.827s] -- Up-to-date: /home/bhavana/my_beginner_tutorials/install/beginner_tutorials/share/beginner_tutorials/launch/minimal_pubsub_launch.py
[15.827s] -- Up-to-date: /home/bhavana/my_beginner_tutorials/install/beginner_tutorials/share/ament_index/resource_index/package_run_dependencies/beginner_tutorials
[15.827s] -- Up-to-date: /home/bhavana/my_beginner_tutorials/install/beginner_tutorials/share/ament_index/resource_index/parent_prefix_path/beginner_tutorials
[15.827s] -- Up-to-date: /home/bhavana/my_beginner_tutorials/install/beginner_tutorials/share/beginner_tutorials/environment/ament_prefix_path.sh
[15.827s] -- Installing: /home/bhavana/my_beginner_tutorials/install/beginner_tutorials/share/beginner_tutorials/environment/ament_prefix_path.dsv
[15.827s] -- Up-to-date: /home/bhavana/my_beginner_tutorials/install/beginner_tutorials/share/beginner_tutorials/environment/path.sh
[15.827s] -- Installing: /home/bhavana/my_beginner_tutorials/install/beginner_tutorials/share/beginner_tutorials/environment/path.dsv
[15.827s] -- Up-to-date: /home/bhavana/my_beginner_tutorials/install/beginner_tutorials/share/beginner_tutorials/local_setup.bash
[15.828s] -- Up-to-date: /home/bhavana/my_beginner_tutorials/install/beginner_tutorials/share/beginner_tutorials/local_setup.sh
[15.828s] -- Up-to-date: /home/bhavana/my_beginner_tutorials/install/beginner_tutorials/share/beginner_tutorials/local_setup.zsh
[15.828s] -- Installing: /home/bhavana/my_beginner_tutorials/install/beginner_tutorials/share/beginner_tutorials/local_setup.dsv
[15.828s] -- Installing: /home/bhavana/my_beginner_tutorials/install/beginner_tutorials/share/beginner_tutorials/package.dsv
[15.828s] -- Up-to-date: /home/bhavana/my_beginner_tutorials/install/beginner_tutorials/share/ament_index/resource_index/packages/beginner_tutorials
[15.828s] -- Up-to-date: /home/bhavana/my_beginner_tutorials/install/beginner_tutorials/share/beginner_tutorials/cmake/beginner_tutorialsConfig.cmake
[15.828s] -- Up-to-date: /home/bhavana/my_beginner_tutorials/install/beginner_tutorials/share/beginner_tutorials/cmake/beginner_tutorialsConfig-version.cmake
[15.828s] -- Up-to-date: /home/bhavana/my_beginner_tutorials/install/beginner_tutorials/share/beginner_tutorials/package.xml
[15.828s] Invoked command in '/home/bhavana/my_beginner_tutorials/build/beginner_tutorials' returned '0': CMAKE_PREFIX_PATH=${CMAKE_PREFIX_PATH}:/opt/ros/humble /usr/bin/cmake --install /home/bhavana/my_beginner_tutorials/build/beginner_tutorials
