[0.240s] DEBUG:colcon:Command line arguments: ['/usr/bin/colcon', 'build']
[0.240s] DEBUG:colcon:Parsed command line arguments: Namespace(log_base=None, log_level=None, verb_name='build', build_base='build', install_base='install', merge_install=False, symlink_install=False, test_result_base=None, continue_on_error=False, executor='parallel', parallel_workers=4, event_handlers=None, ignore_user_meta=False, metas=['./colcon.meta'], base_paths=['.'], packages_ignore=None, packages_ignore_regex=None, paths=None, packages_up_to=None, packages_up_to_regex=None, packages_above=None, packages_above_and_dependencies=None, packages_above_depth=None, packages_select_by_dep=None, packages_skip_by_dep=None, packages_skip_up_to=None, packages_select_build_failed=False, packages_skip_build_finished=False, packages_select_test_failures=False, packages_skip_test_passed=False, packages_select=None, packages_skip=None, packages_select_regex=None, packages_skip_regex=None, packages_start=None, packages_end=None, allow_overriding=[], cmake_args=None, cmake_target=None, cmake_target_skip_unavailable=False, cmake_clean_cache=False, cmake_clean_first=False, cmake_force_configure=False, ament_cmake_args=None, catkin_cmake_args=None, catkin_skip_building_tests=False, mixin_files=None, mixin=None, verb_parser=<colcon_mixin.mixin.mixin_argument.MixinArgumentDecorator object at 0x704e6bd3b5b0>, verb_extension=<colcon_core.verb.build.BuildVerb object at 0x704e6be3bcd0>, main=<bound method BuildVerb.main of <colcon_core.verb.build.BuildVerb object at 0x704e6be3bcd0>>, mixin_verb=('build',))
[0.316s] Level 1:colcon.colcon_core.package_discovery:discover_packages(colcon_meta) check parameters
[0.316s] Level 1:colcon.colcon_core.package_discovery:discover_packages(recursive) check parameters
[0.316s] Level 1:colcon.colcon_core.package_discovery:discover_packages(ignore) check parameters
[0.316s] Level 1:colcon.colcon_core.package_discovery:discover_packages(path) check parameters
[0.316s] Level 1:colcon.colcon_core.package_discovery:discover_packages(colcon_meta) discover
[0.316s] Level 1:colcon.colcon_core.package_discovery:discover_packages(recursive) discover
[0.316s] INFO:colcon.colcon_core.package_discovery:Crawling recursively for packages in '/home/bhavana/my_beginner_tutorials'
[0.316s] Level 1:colcon.colcon_core.package_identification:_identify(.) by extensions ['ignore', 'ignore_ament_install']
[0.317s] Level 1:colcon.colcon_core.package_identification:_identify(.) by extension 'ignore'
[0.317s] Level 1:colcon.colcon_core.package_identification:_identify(.) by extension 'ignore_ament_install'
[0.317s] Level 1:colcon.colcon_core.package_identification:_identify(.) by extensions ['colcon_pkg']
[0.317s] Level 1:colcon.colcon_core.package_identification:_identify(.) by extension 'colcon_pkg'
[0.317s] Level 1:colcon.colcon_core.package_identification:_identify(.) by extensions ['colcon_meta']
[0.317s] Level 1:colcon.colcon_core.package_identification:_identify(.) by extension 'colcon_meta'
[0.317s] Level 1:colcon.colcon_core.package_identification:_identify(.) by extensions ['ros']
[0.317s] Level 1:colcon.colcon_core.package_identification:_identify(.) by extension 'ros'
[0.324s] Level 1:colcon.colcon_core.package_identification:_identify(.) by extensions ['cmake', 'python']
[0.324s] Level 1:colcon.colcon_core.package_identification:_identify(.) by extension 'cmake'
[0.324s] Level 1:colcon.colcon_core.package_identification:_identify(.) by extension 'python'
[0.324s] Level 1:colcon.colcon_core.package_identification:_identify(.) by extensions ['python_setup_py']
[0.324s] Level 1:colcon.colcon_core.package_identification:_identify(.) by extension 'python_setup_py'
[0.324s] Level 1:colcon.colcon_core.package_identification:_identify(build) by extensions ['ignore', 'ignore_ament_install']
[0.324s] Level 1:colcon.colcon_core.package_identification:_identify(build) by extension 'ignore'
[0.325s] Level 1:colcon.colcon_core.package_identification:_identify(build) ignored
[0.325s] Level 1:colcon.colcon_core.package_identification:_identify(install) by extensions ['ignore', 'ignore_ament_install']
[0.325s] Level 1:colcon.colcon_core.package_identification:_identify(install) by extension 'ignore'
[0.325s] Level 1:colcon.colcon_core.package_identification:_identify(install) ignored
[0.325s] Level 1:colcon.colcon_core.package_identification:_identify(log) by extensions ['ignore', 'ignore_ament_install']
[0.325s] Level 1:colcon.colcon_core.package_identification:_identify(log) by extension 'ignore'
[0.325s] Level 1:colcon.colcon_core.package_identification:_identify(log) ignored
[0.325s] Level 1:colcon.colcon_core.package_identification:_identify(result) by extensions ['ignore', 'ignore_ament_install']
[0.326s] Level 1:colcon.colcon_core.package_identification:_identify(result) by extension 'ignore'
[0.326s] Level 1:colcon.colcon_core.package_identification:_identify(result) by extension 'ignore_ament_install'
[0.326s] Level 1:colcon.colcon_core.package_identification:_identify(result) by extensions ['colcon_pkg']
[0.326s] Level 1:colcon.colcon_core.package_identification:_identify(result) by extension 'colcon_pkg'
[0.326s] Level 1:colcon.colcon_core.package_identification:_identify(result) by extensions ['colcon_meta']
[0.326s] Level 1:colcon.colcon_core.package_identification:_identify(result) by extension 'colcon_meta'
[0.326s] Level 1:colcon.colcon_core.package_identification:_identify(result) by extensions ['ros']
[0.326s] Level 1:colcon.colcon_core.package_identification:_identify(result) by extension 'ros'
[0.326s] Level 1:colcon.colcon_core.package_identification:_identify(result) by extensions ['cmake', 'python']
[0.326s] Level 1:colcon.colcon_core.package_identification:_identify(result) by extension 'cmake'
[0.326s] Level 1:colcon.colcon_core.package_identification:_identify(result) by extension 'python'
[0.326s] Level 1:colcon.colcon_core.package_identification:_identify(result) by extensions ['python_setup_py']
[0.326s] Level 1:colcon.colcon_core.package_identification:_identify(result) by extension 'python_setup_py'
[0.326s] Level 1:colcon.colcon_core.package_identification:_identify(result/Assignment1) by extensions ['ignore', 'ignore_ament_install']
[0.326s] Level 1:colcon.colcon_core.package_identification:_identify(result/Assignment1) by extension 'ignore'
[0.326s] Level 1:colcon.colcon_core.package_identification:_identify(result/Assignment1) by extension 'ignore_ament_install'
[0.326s] Level 1:colcon.colcon_core.package_identification:_identify(result/Assignment1) by extensions ['colcon_pkg']
[0.326s] Level 1:colcon.colcon_core.package_identification:_identify(result/Assignment1) by extension 'colcon_pkg'
[0.326s] Level 1:colcon.colcon_core.package_identification:_identify(result/Assignment1) by extensions ['colcon_meta']
[0.326s] Level 1:colcon.colcon_core.package_identification:_identify(result/Assignment1) by extension 'colcon_meta'
[0.326s] Level 1:colcon.colcon_core.package_identification:_identify(result/Assignment1) by extensions ['ros']
[0.326s] Level 1:colcon.colcon_core.package_identification:_identify(result/Assignment1) by extension 'ros'
[0.327s] Level 1:colcon.colcon_core.package_identification:_identify(result/Assignment1) by extensions ['cmake', 'python']
[0.327s] Level 1:colcon.colcon_core.package_identification:_identify(result/Assignment1) by extension 'cmake'
[0.327s] Level 1:colcon.colcon_core.package_identification:_identify(result/Assignment1) by extension 'python'
[0.327s] Level 1:colcon.colcon_core.package_identification:_identify(result/Assignment1) by extensions ['python_setup_py']
[0.327s] Level 1:colcon.colcon_core.package_identification:_identify(result/Assignment1) by extension 'python_setup_py'
[0.328s] Level 1:colcon.colcon_core.package_identification:_identify(result/Assignment2) by extensions ['ignore', 'ignore_ament_install']
[0.328s] Level 1:colcon.colcon_core.package_identification:_identify(result/Assignment2) by extension 'ignore'
[0.328s] Level 1:colcon.colcon_core.package_identification:_identify(result/Assignment2) by extension 'ignore_ament_install'
[0.328s] Level 1:colcon.colcon_core.package_identification:_identify(result/Assignment2) by extensions ['colcon_pkg']
[0.328s] Level 1:colcon.colcon_core.package_identification:_identify(result/Assignment2) by extension 'colcon_pkg'
[0.328s] Level 1:colcon.colcon_core.package_identification:_identify(result/Assignment2) by extensions ['colcon_meta']
[0.328s] Level 1:colcon.colcon_core.package_identification:_identify(result/Assignment2) by extension 'colcon_meta'
[0.328s] Level 1:colcon.colcon_core.package_identification:_identify(result/Assignment2) by extensions ['ros']
[0.328s] Level 1:colcon.colcon_core.package_identification:_identify(result/Assignment2) by extension 'ros'
[0.328s] Level 1:colcon.colcon_core.package_identification:_identify(result/Assignment2) by extensions ['cmake', 'python']
[0.328s] Level 1:colcon.colcon_core.package_identification:_identify(result/Assignment2) by extension 'cmake'
[0.328s] Level 1:colcon.colcon_core.package_identification:_identify(result/Assignment2) by extension 'python'
[0.328s] Level 1:colcon.colcon_core.package_identification:_identify(result/Assignment2) by extensions ['python_setup_py']
[0.328s] Level 1:colcon.colcon_core.package_identification:_identify(result/Assignment2) by extension 'python_setup_py'
[0.328s] Level 1:colcon.colcon_core.package_identification:_identify(src) by extensions ['ignore', 'ignore_ament_install']
[0.328s] Level 1:colcon.colcon_core.package_identification:_identify(src) by extension 'ignore'
[0.328s] Level 1:colcon.colcon_core.package_identification:_identify(src) by extension 'ignore_ament_install'
[0.328s] Level 1:colcon.colcon_core.package_identification:_identify(src) by extensions ['colcon_pkg']
[0.328s] Level 1:colcon.colcon_core.package_identification:_identify(src) by extension 'colcon_pkg'
[0.328s] Level 1:colcon.colcon_core.package_identification:_identify(src) by extensions ['colcon_meta']
[0.328s] Level 1:colcon.colcon_core.package_identification:_identify(src) by extension 'colcon_meta'
[0.328s] Level 1:colcon.colcon_core.package_identification:_identify(src) by extensions ['ros']
[0.328s] Level 1:colcon.colcon_core.package_identification:_identify(src) by extension 'ros'
[0.328s] Level 1:colcon.colcon_core.package_identification:_identify(src) by extensions ['cmake', 'python']
[0.328s] Level 1:colcon.colcon_core.package_identification:_identify(src) by extension 'cmake'
[0.328s] Level 1:colcon.colcon_core.package_identification:_identify(src) by extension 'python'
[0.329s] Level 1:colcon.colcon_core.package_identification:_identify(src) by extensions ['python_setup_py']
[0.329s] Level 1:colcon.colcon_core.package_identification:_identify(src) by extension 'python_setup_py'
[0.329s] Level 1:colcon.colcon_core.package_identification:_identify(src/beginner_tutorials) by extensions ['ignore', 'ignore_ament_install']
[0.329s] Level 1:colcon.colcon_core.package_identification:_identify(src/beginner_tutorials) by extension 'ignore'
[0.329s] Level 1:colcon.colcon_core.package_identification:_identify(src/beginner_tutorials) by extension 'ignore_ament_install'
[0.329s] Level 1:colcon.colcon_core.package_identification:_identify(src/beginner_tutorials) by extensions ['colcon_pkg']
[0.329s] Level 1:colcon.colcon_core.package_identification:_identify(src/beginner_tutorials) by extension 'colcon_pkg'
[0.329s] Level 1:colcon.colcon_core.package_identification:_identify(src/beginner_tutorials) by extensions ['colcon_meta']
[0.329s] Level 1:colcon.colcon_core.package_identification:_identify(src/beginner_tutorials) by extension 'colcon_meta'
[0.329s] Level 1:colcon.colcon_core.package_identification:_identify(src/beginner_tutorials) by extensions ['ros']
[0.329s] Level 1:colcon.colcon_core.package_identification:_identify(src/beginner_tutorials) by extension 'ros'
[0.332s] DEBUG:colcon.colcon_core.package_identification:Package 'src/beginner_tutorials' with type 'ros.ament_cmake' and name 'beginner_tutorials'
[0.332s] Level 1:colcon.colcon_core.package_discovery:discover_packages(recursive) using defaults
[0.332s] Level 1:colcon.colcon_core.package_discovery:discover_packages(ignore) discover
[0.332s] Level 1:colcon.colcon_core.package_discovery:discover_packages(ignore) using defaults
[0.332s] Level 1:colcon.colcon_core.package_discovery:discover_packages(path) discover
[0.332s] Level 1:colcon.colcon_core.package_discovery:discover_packages(path) using defaults
[0.359s] Level 1:colcon.colcon_core.package_discovery:discover_packages(prefix_path) check parameters
[0.359s] Level 1:colcon.colcon_core.package_discovery:discover_packages(prefix_path) discover
[0.360s] WARNING:colcon.colcon_ros.prefix_path.ament:The path '/home/bhavana/my_beginner_tutorials/install/beginner_tutorials' in the environment variable AMENT_PREFIX_PATH doesn't exist
[0.361s] WARNING:colcon.colcon_ros.prefix_path.ament:The path '/home/bhavana/my_beginner_tutorials/install/integration_test' in the environment variable AMENT_PREFIX_PATH doesn't exist
[0.361s] WARNING:colcon.colcon_ros.prefix_path.catkin:The path '/home/bhavana/my_beginner_tutorials/install/beginner_tutorials' in the environment variable CMAKE_PREFIX_PATH doesn't exist
[0.361s] WARNING:colcon.colcon_ros.prefix_path.catkin:The path '/home/bhavana/my_beginner_tutorials/install/integration_test' in the environment variable CMAKE_PREFIX_PATH doesn't exist
[0.361s] DEBUG:colcon.colcon_installed_package_information.package_discovery:Found 0 installed packages in /home/bhavana/my_beginner_tutorials/install
[0.363s] DEBUG:colcon.colcon_installed_package_information.package_discovery:Found 404 installed packages in /opt/ros/humble
[0.364s] Level 1:colcon.colcon_core.package_discovery:discover_packages(prefix_path) using defaults
[0.429s] Level 5:colcon.colcon_core.verb:set package 'beginner_tutorials' build argument 'cmake_args' from command line to 'None'
[0.429s] Level 5:colcon.colcon_core.verb:set package 'beginner_tutorials' build argument 'cmake_target' from command line to 'None'
[0.429s] Level 5:colcon.colcon_core.verb:set package 'beginner_tutorials' build argument 'cmake_target_skip_unavailable' from command line to 'False'
[0.429s] Level 5:colcon.colcon_core.verb:set package 'beginner_tutorials' build argument 'cmake_clean_cache' from command line to 'False'
[0.429s] Level 5:colcon.colcon_core.verb:set package 'beginner_tutorials' build argument 'cmake_clean_first' from command line to 'False'
[0.429s] Level 5:colcon.colcon_core.verb:set package 'beginner_tutorials' build argument 'cmake_force_configure' from command line to 'False'
[0.429s] Level 5:colcon.colcon_core.verb:set package 'beginner_tutorials' build argument 'ament_cmake_args' from command line to 'None'
[0.429s] Level 5:colcon.colcon_core.verb:set package 'beginner_tutorials' build argument 'catkin_cmake_args' from command line to 'None'
[0.429s] Level 5:colcon.colcon_core.verb:set package 'beginner_tutorials' build argument 'catkin_skip_building_tests' from command line to 'False'
[0.429s] DEBUG:colcon.colcon_core.verb:Building package 'beginner_tutorials' with the following arguments: {'ament_cmake_args': None, 'build_base': '/home/bhavana/my_beginner_tutorials/build/beginner_tutorials', 'catkin_cmake_args': None, 'catkin_skip_building_tests': False, 'cmake_args': None, 'cmake_clean_cache': False, 'cmake_clean_first': False, 'cmake_force_configure': False, 'cmake_target': None, 'cmake_target_skip_unavailable': False, 'install_base': '/home/bhavana/my_beginner_tutorials/install/beginner_tutorials', 'merge_install': False, 'path': '/home/bhavana/my_beginner_tutorials/src/beginner_tutorials', 'symlink_install': False, 'test_result_base': None}
[0.429s] INFO:colcon.colcon_core.executor:Executing jobs using 'parallel' executor
[0.430s] DEBUG:colcon.colcon_parallel_executor.executor.parallel:run_until_complete
[0.431s] INFO:colcon.colcon_ros.task.ament_cmake.build:Building ROS package in '/home/bhavana/my_beginner_tutorials/src/beginner_tutorials' with build type 'ament_cmake'
[0.431s] INFO:colcon.colcon_cmake.task.cmake.build:Building CMake package in '/home/bhavana/my_beginner_tutorials/src/beginner_tutorials'
[0.434s] INFO:colcon.colcon_core.plugin_system:Skipping extension 'colcon_core.shell.bat': Not used on non-Windows systems
[0.434s] INFO:colcon.colcon_core.shell:Skip shell extension 'powershell' for command environment: Not usable outside of PowerShell
[0.434s] DEBUG:colcon.colcon_core.shell:Skip shell extension 'dsv' for command environment
[0.447s] DEBUG:colcon.colcon_core.event_handler.log_command:Invoking command in '/home/bhavana/my_beginner_tutorials/build/beginner_tutorials': CMAKE_PREFIX_PATH=${CMAKE_PREFIX_PATH}:/opt/ros/humble /usr/bin/cmake /home/bhavana/my_beginner_tutorials/src/beginner_tutorials -DCMAKE_INSTALL_PREFIX=/home/bhavana/my_beginner_tutorials/install/beginner_tutorials
[2.190s] DEBUG:colcon.colcon_core.event_handler.log_command:Invoked command in '/home/bhavana/my_beginner_tutorials/build/beginner_tutorials' returned '0': CMAKE_PREFIX_PATH=${CMAKE_PREFIX_PATH}:/opt/ros/humble /usr/bin/cmake /home/bhavana/my_beginner_tutorials/src/beginner_tutorials -DCMAKE_INSTALL_PREFIX=/home/bhavana/my_beginner_tutorials/install/beginner_tutorials
[2.191s] DEBUG:colcon.colcon_core.event_handler.log_command:Invoking command in '/home/bhavana/my_beginner_tutorials/build/beginner_tutorials': CMAKE_PREFIX_PATH=${CMAKE_PREFIX_PATH}:/opt/ros/humble /usr/bin/cmake --build /home/bhavana/my_beginner_tutorials/build/beginner_tutorials -- -j4 -l4
[12.366s] DEBUG:colcon.colcon_core.event_handler.log_command:Invoked command in '/home/bhavana/my_beginner_tutorials/build/beginner_tutorials' returned '0': CMAKE_PREFIX_PATH=${CMAKE_PREFIX_PATH}:/opt/ros/humble /usr/bin/cmake --build /home/bhavana/my_beginner_tutorials/build/beginner_tutorials -- -j4 -l4
[12.413s] DEBUG:colcon.colcon_core.event_handler.log_command:Invoking command in '/home/bhavana/my_beginner_tutorials/build/beginner_tutorials': CMAKE_PREFIX_PATH=${CMAKE_PREFIX_PATH}:/opt/ros/humble /usr/bin/cmake --install /home/bhavana/my_beginner_tutorials/build/beginner_tutorials
[12.430s] Level 1:colcon.colcon_core.environment:create_environment_scripts_only(beginner_tutorials)
[12.430s] DEBUG:colcon.colcon_core.event_handler.log_command:Invoked command in '/home/bhavana/my_beginner_tutorials/build/beginner_tutorials' returned '0': CMAKE_PREFIX_PATH=${CMAKE_PREFIX_PATH}:/opt/ros/humble /usr/bin/cmake --install /home/bhavana/my_beginner_tutorials/build/beginner_tutorials
[12.437s] Level 1:colcon.colcon_core.environment:checking '/home/bhavana/my_beginner_tutorials/install/beginner_tutorials' for CMake module files
[12.437s] Level 1:colcon.colcon_core.environment:checking '/home/bhavana/my_beginner_tutorials/install/beginner_tutorials' for CMake config files
[12.437s] Level 1:colcon.colcon_core.shell:create_environment_hook('beginner_tutorials', 'cmake_prefix_path')
[12.438s] INFO:colcon.colcon_core.shell:Creating environment hook '/home/bhavana/my_beginner_tutorials/install/beginner_tutorials/share/beginner_tutorials/hook/cmake_prefix_path.ps1'
[12.438s] INFO:colcon.colcon_core.shell:Creating environment descriptor '/home/bhavana/my_beginner_tutorials/install/beginner_tutorials/share/beginner_tutorials/hook/cmake_prefix_path.dsv'
[12.439s] INFO:colcon.colcon_core.shell:Creating environment hook '/home/bhavana/my_beginner_tutorials/install/beginner_tutorials/share/beginner_tutorials/hook/cmake_prefix_path.sh'
[12.440s] Level 1:colcon.colcon_core.environment:checking '/home/bhavana/my_beginner_tutorials/install/beginner_tutorials/lib'
[12.440s] Level 1:colcon.colcon_core.environment:checking '/home/bhavana/my_beginner_tutorials/install/beginner_tutorials/bin'
[12.440s] Level 1:colcon.colcon_core.environment:checking '/home/bhavana/my_beginner_tutorials/install/beginner_tutorials/lib/pkgconfig/beginner_tutorials.pc'
[12.440s] Level 1:colcon.colcon_core.environment:checking '/home/bhavana/my_beginner_tutorials/install/beginner_tutorials/lib/python3.10/site-packages'
[12.441s] Level 1:colcon.colcon_core.environment:checking '/home/bhavana/my_beginner_tutorials/install/beginner_tutorials/bin'
[12.441s] INFO:colcon.colcon_core.shell:Creating package script '/home/bhavana/my_beginner_tutorials/install/beginner_tutorials/share/beginner_tutorials/package.ps1'
[12.442s] INFO:colcon.colcon_core.shell:Creating package descriptor '/home/bhavana/my_beginner_tutorials/install/beginner_tutorials/share/beginner_tutorials/package.dsv'
[12.442s] INFO:colcon.colcon_core.shell:Creating package script '/home/bhavana/my_beginner_tutorials/install/beginner_tutorials/share/beginner_tutorials/package.sh'
[12.443s] INFO:colcon.colcon_core.shell:Creating package script '/home/bhavana/my_beginner_tutorials/install/beginner_tutorials/share/beginner_tutorials/package.bash'
[12.444s] INFO:colcon.colcon_core.shell:Creating package script '/home/bhavana/my_beginner_tutorials/install/beginner_tutorials/share/beginner_tutorials/package.zsh'
[12.444s] Level 1:colcon.colcon_core.environment:create_file_with_runtime_dependencies(/home/bhavana/my_beginner_tutorials/install/beginner_tutorials/share/colcon-core/packages/beginner_tutorials)
[12.483s] Level 1:colcon.colcon_core.environment:create_environment_scripts_only(beginner_tutorials)
[12.483s] Level 1:colcon.colcon_core.environment:checking '/home/bhavana/my_beginner_tutorials/install/beginner_tutorials' for CMake module files
[12.483s] Level 1:colcon.colcon_core.environment:checking '/home/bhavana/my_beginner_tutorials/install/beginner_tutorials' for CMake config files
[12.483s] Level 1:colcon.colcon_core.shell:create_environment_hook('beginner_tutorials', 'cmake_prefix_path')
[12.484s] INFO:colcon.colcon_core.shell:Creating environment hook '/home/bhavana/my_beginner_tutorials/install/beginner_tutorials/share/beginner_tutorials/hook/cmake_prefix_path.ps1'
[12.484s] INFO:colcon.colcon_core.shell:Creating environment descriptor '/home/bhavana/my_beginner_tutorials/install/beginner_tutorials/share/beginner_tutorials/hook/cmake_prefix_path.dsv'
[12.484s] INFO:colcon.colcon_core.shell:Creating environment hook '/home/bhavana/my_beginner_tutorials/install/beginner_tutorials/share/beginner_tutorials/hook/cmake_prefix_path.sh'
[12.485s] Level 1:colcon.colcon_core.environment:checking '/home/bhavana/my_beginner_tutorials/install/beginner_tutorials/lib'
[12.485s] Level 1:colcon.colcon_core.environment:checking '/home/bhavana/my_beginner_tutorials/install/beginner_tutorials/bin'
[12.485s] Level 1:colcon.colcon_core.environment:checking '/home/bhavana/my_beginner_tutorials/install/beginner_tutorials/lib/pkgconfig/beginner_tutorials.pc'
[12.485s] Level 1:colcon.colcon_core.environment:checking '/home/bhavana/my_beginner_tutorials/install/beginner_tutorials/lib/python3.10/site-packages'
[12.485s] Level 1:colcon.colcon_core.environment:checking '/home/bhavana/my_beginner_tutorials/install/beginner_tutorials/bin'
[12.485s] INFO:colcon.colcon_core.shell:Creating package script '/home/bhavana/my_beginner_tutorials/install/beginner_tutorials/share/beginner_tutorials/package.ps1'
[12.486s] INFO:colcon.colcon_core.shell:Creating package descriptor '/home/bhavana/my_beginner_tutorials/install/beginner_tutorials/share/beginner_tutorials/package.dsv'
[12.486s] INFO:colcon.colcon_core.shell:Creating package script '/home/bhavana/my_beginner_tutorials/install/beginner_tutorials/share/beginner_tutorials/package.sh'
[12.487s] INFO:colcon.colcon_core.shell:Creating package script '/home/bhavana/my_beginner_tutorials/install/beginner_tutorials/share/beginner_tutorials/package.bash'
[12.487s] INFO:colcon.colcon_core.shell:Creating package script '/home/bhavana/my_beginner_tutorials/install/beginner_tutorials/share/beginner_tutorials/package.zsh'
[12.487s] Level 1:colcon.colcon_core.environment:create_file_with_runtime_dependencies(/home/bhavana/my_beginner_tutorials/install/beginner_tutorials/share/colcon-core/packages/beginner_tutorials)
[12.488s] DEBUG:colcon.colcon_parallel_executor.executor.parallel:closing loop
[12.488s] DEBUG:colcon.colcon_parallel_executor.executor.parallel:loop closed
[12.488s] DEBUG:colcon.colcon_parallel_executor.executor.parallel:run_until_complete finished with '0'
[12.488s] DEBUG:colcon.colcon_core.event_reactor:joining thread
[12.501s] INFO:colcon.colcon_core.plugin_system:Skipping extension 'colcon_notification.desktop_notification.terminal_notifier': Not used on non-Darwin systems
[12.501s] INFO:colcon.colcon_core.plugin_system:Skipping extension 'colcon_notification.desktop_notification.win32': Not used on non-Windows systems
[12.501s] INFO:colcon.colcon_notification.desktop_notification:Sending desktop notification using 'notify2'
[12.553s] DEBUG:colcon.colcon_core.event_reactor:joined thread
[12.553s] INFO:colcon.colcon_core.shell:Creating prefix script '/home/bhavana/my_beginner_tutorials/install/local_setup.ps1'
[12.554s] INFO:colcon.colcon_core.shell:Creating prefix util module '/home/bhavana/my_beginner_tutorials/install/_local_setup_util_ps1.py'
[12.556s] INFO:colcon.colcon_core.shell:Creating prefix chain script '/home/bhavana/my_beginner_tutorials/install/setup.ps1'
[12.557s] INFO:colcon.colcon_core.shell:Creating prefix script '/home/bhavana/my_beginner_tutorials/install/local_setup.sh'
[12.558s] INFO:colcon.colcon_core.shell:Creating prefix util module '/home/bhavana/my_beginner_tutorials/install/_local_setup_util_sh.py'
[12.558s] INFO:colcon.colcon_core.shell:Creating prefix chain script '/home/bhavana/my_beginner_tutorials/install/setup.sh'
[12.560s] INFO:colcon.colcon_core.shell:Creating prefix script '/home/bhavana/my_beginner_tutorials/install/local_setup.bash'
[12.560s] INFO:colcon.colcon_core.shell:Creating prefix chain script '/home/bhavana/my_beginner_tutorials/install/setup.bash'
[12.570s] INFO:colcon.colcon_core.shell:Creating prefix script '/home/bhavana/my_beginner_tutorials/install/local_setup.zsh'
[12.571s] INFO:colcon.colcon_core.shell:Creating prefix chain script '/home/bhavana/my_beginner_tutorials/install/setup.zsh'
