[0.012s] Invoking command in '/home/bhavana/my_beginner_tutorials/build/beginner_tutorials': CMAKE_PREFIX_PATH=${CMAKE_PREFIX_PATH}:/opt/ros/humble /usr/bin/cmake --build /home/bhavana/my_beginner_tutorials/build/beginner_tutorials -- -j4 -l4
[0.089s] [35m[1mConsolidate compiler generated dependencies of target talker[0m
[0.125s] [ 50%] Built target listener
[0.127s] [ 75%] [32mBuilding CXX object CMakeFiles/talker.dir/src/publisher_member_function.cpp.o[0m
[5.385s] [100%] [32m[1mLinking CXX executable talker[0m
[6.289s] [100%] Built target talker
[6.301s] Invoked command in '/home/bhavana/my_beginner_tutorials/build/beginner_tutorials' returned '0': CMAKE_PREFIX_PATH=${CMAKE_PREFIX_PATH}:/opt/ros/humble /usr/bin/cmake --build /home/bhavana/my_beginner_tutorials/build/beginner_tutorials -- -j4 -l4
[6.375s] Invoking command in '/home/bhavana/my_beginner_tutorials/build/beginner_tutorials': CMAKE_PREFIX_PATH=${CMAKE_PREFIX_PATH}:/opt/ros/humble /usr/bin/cmake --install /home/bhavana/my_beginner_tutorials/build/beginner_tutorials
[6.388s] -- Install configuration: ""
[6.388s] -- Installing: /home/bhavana/my_beginner_tutorials/install/beginner_tutorials/lib/beginner_tutorials/talker
[6.390s] -- Set runtime path of "/home/bhavana/my_beginner_tutorials/install/beginner_tutorials/lib/beginner_tutorials/talker" to ""
[6.391s] -- Up-to-date: /home/bhavana/my_beginner_tutorials/install/beginner_tutorials/lib/beginner_tutorials/listener
[6.391s] -- Up-to-date: /home/bhavana/my_beginner_tutorials/install/beginner_tutorials/share/beginner_tutorials/launch
[6.391s] -- Up-to-date: /home/bhavana/my_beginner_tutorials/install/beginner_tutorials/share/beginner_tutorials/launch/minimal_pubsub_launch.py
[6.391s] -- Up-to-date: /home/bhavana/my_beginner_tutorials/install/beginner_tutorials/share/ament_index/resource_index/package_run_dependencies/beginner_tutorials
[6.391s] -- Up-to-date: /home/bhavana/my_beginner_tutorials/install/beginner_tutorials/share/ament_index/resource_index/parent_prefix_path/beginner_tutorials
[6.391s] -- Up-to-date: /home/bhavana/my_beginner_tutorials/install/beginner_tutorials/share/beginner_tutorials/environment/ament_prefix_path.sh
[6.391s] -- Up-to-date: /home/bhavana/my_beginner_tutorials/install/beginner_tutorials/share/beginner_tutorials/environment/ament_prefix_path.dsv
[6.391s] -- Up-to-date: /home/bhavana/my_beginner_tutorials/install/beginner_tutorials/share/beginner_tutorials/environment/path.sh
[6.391s] -- Up-to-date: /home/bhavana/my_beginner_tutorials/install/beginner_tutorials/share/beginner_tutorials/environment/path.dsv
[6.391s] -- Up-to-date: /home/bhavana/my_beginner_tutorials/install/beginner_tutorials/share/beginner_tutorials/local_setup.bash
[6.391s] -- Up-to-date: /home/bhavana/my_beginner_tutorials/install/beginner_tutorials/share/beginner_tutorials/local_setup.sh
[6.392s] -- Up-to-date: /home/bhavana/my_beginner_tutorials/install/beginner_tutorials/share/beginner_tutorials/local_setup.zsh
[6.392s] -- Up-to-date: /home/bhavana/my_beginner_tutorials/install/beginner_tutorials/share/beginner_tutorials/local_setup.dsv
[6.392s] -- Installing: /home/bhavana/my_beginner_tutorials/install/beginner_tutorials/share/beginner_tutorials/package.dsv
[6.393s] -- Up-to-date: /home/bhavana/my_beginner_tutorials/install/beginner_tutorials/share/ament_index/resource_index/packages/beginner_tutorials
[6.393s] -- Up-to-date: /home/bhavana/my_beginner_tutorials/install/beginner_tutorials/share/beginner_tutorials/cmake/beginner_tutorialsConfig.cmake
[6.393s] -- Up-to-date: /home/bhavana/my_beginner_tutorials/install/beginner_tutorials/share/beginner_tutorials/cmake/beginner_tutorialsConfig-version.cmake
[6.393s] -- Up-to-date: /home/bhavana/my_beginner_tutorials/install/beginner_tutorials/share/beginner_tutorials/package.xml
[6.395s] Invoked command in '/home/bhavana/my_beginner_tutorials/build/beginner_tutorials' returned '0': CMAKE_PREFIX_PATH=${CMAKE_PREFIX_PATH}:/opt/ros/humble /usr/bin/cmake --install /home/bhavana/my_beginner_tutorials/build/beginner_tutorials
