[0.013s] Invoking command in '/home/bhavana/my_beginner_tutorials/build/beginner_tutorials': CMAKE_PREFIX_PATH=${CMAKE_PREFIX_PATH}:/opt/ros/humble /usr/bin/cmake --build /home/bhavana/my_beginner_tutorials/build/beginner_tutorials -- -j4 -l4
[0.065s] [ 25%] [32mBuilding CXX object CMakeFiles/talker.dir/src/publisher_member_function.cpp.o[0m
[0.065s] [ 75%] Built target listener
[3.830s] [100%] [32m[1mLinking CXX executable talker[0m
[4.018s] [100%] Built target talker
[4.029s] Invoked command in '/home/bhavana/my_beginner_tutorials/build/beginner_tutorials' returned '0': CMAKE_PREFIX_PATH=${CMAKE_PREFIX_PATH}:/opt/ros/humble /usr/bin/cmake --build /home/bhavana/my_beginner_tutorials/build/beginner_tutorials -- -j4 -l4
[4.073s] Invoking command in '/home/bhavana/my_beginner_tutorials/build/beginner_tutorials': CMAKE_PREFIX_PATH=${CMAKE_PREFIX_PATH}:/opt/ros/humble /usr/bin/cmake --install /home/bhavana/my_beginner_tutorials/build/beginner_tutorials
[4.080s] -- Install configuration: ""
[4.080s] -- Installing: /home/bhavana/my_beginner_tutorials/install/beginner_tutorials/lib/beginner_tutorials/talker
[4.082s] -- Set runtime path of "/home/bhavana/my_beginner_tutorials/install/beginner_tutorials/lib/beginner_tutorials/talker" to ""
[4.082s] -- Up-to-date: /home/bhavana/my_beginner_tutorials/install/beginner_tutorials/lib/beginner_tutorials/listener
[4.082s] -- Up-to-date: /home/bhavana/my_beginner_tutorials/install/beginner_tutorials/share/beginner_tutorials/launch
[4.082s] -- Up-to-date: /home/bhavana/my_beginner_tutorials/install/beginner_tutorials/share/beginner_tutorials/launch/minimal_pubsub_launch.py
[4.082s] -- Up-to-date: /home/bhavana/my_beginner_tutorials/install/beginner_tutorials/share/ament_index/resource_index/package_run_dependencies/beginner_tutorials
[4.082s] -- Up-to-date: /home/bhavana/my_beginner_tutorials/install/beginner_tutorials/share/ament_index/resource_index/parent_prefix_path/beginner_tutorials
[4.082s] -- Up-to-date: /home/bhavana/my_beginner_tutorials/install/beginner_tutorials/share/beginner_tutorials/environment/ament_prefix_path.sh
[4.082s] -- Up-to-date: /home/bhavana/my_beginner_tutorials/install/beginner_tutorials/share/beginner_tutorials/environment/ament_prefix_path.dsv
[4.082s] -- Up-to-date: /home/bhavana/my_beginner_tutorials/install/beginner_tutorials/share/beginner_tutorials/environment/path.sh
[4.082s] -- Up-to-date: /home/bhavana/my_beginner_tutorials/install/beginner_tutorials/share/beginner_tutorials/environment/path.dsv
[4.082s] -- Up-to-date: /home/bhavana/my_beginner_tutorials/install/beginner_tutorials/share/beginner_tutorials/local_setup.bash
[4.082s] -- Up-to-date: /home/bhavana/my_beginner_tutorials/install/beginner_tutorials/share/beginner_tutorials/local_setup.sh
[4.082s] -- Up-to-date: /home/bhavana/my_beginner_tutorials/install/beginner_tutorials/share/beginner_tutorials/local_setup.zsh
[4.082s] -- Up-to-date: /home/bhavana/my_beginner_tutorials/install/beginner_tutorials/share/beginner_tutorials/local_setup.dsv
[4.083s] -- Installing: /home/bhavana/my_beginner_tutorials/install/beginner_tutorials/share/beginner_tutorials/package.dsv
[4.083s] -- Up-to-date: /home/bhavana/my_beginner_tutorials/install/beginner_tutorials/share/ament_index/resource_index/packages/beginner_tutorials
[4.083s] -- Up-to-date: /home/bhavana/my_beginner_tutorials/install/beginner_tutorials/share/beginner_tutorials/cmake/beginner_tutorialsConfig.cmake
[4.083s] -- Up-to-date: /home/bhavana/my_beginner_tutorials/install/beginner_tutorials/share/beginner_tutorials/cmake/beginner_tutorialsConfig-version.cmake
[4.083s] -- Up-to-date: /home/bhavana/my_beginner_tutorials/install/beginner_tutorials/share/beginner_tutorials/package.xml
[4.086s] Invoked command in '/home/bhavana/my_beginner_tutorials/build/beginner_tutorials' returned '0': CMAKE_PREFIX_PATH=${CMAKE_PREFIX_PATH}:/opt/ros/humble /usr/bin/cmake --install /home/bhavana/my_beginner_tutorials/build/beginner_tutorials
