[0.144s] DEBUG:colcon:Command line arguments: ['/usr/bin/colcon', 'build']
[0.144s] DEBUG:colcon:Parsed command line arguments: Namespace(log_base=None, log_level=None, verb_name='build', build_base='build', install_base='install', merge_install=False, symlink_install=False, test_result_base=None, continue_on_error=False, executor='parallel', parallel_workers=4, event_handlers=None, ignore_user_meta=False, metas=['./colcon.meta'], base_paths=['.'], packages_ignore=None, packages_ignore_regex=None, paths=None, packages_up_to=None, packages_up_to_regex=None, packages_above=None, packages_above_and_dependencies=None, packages_above_depth=None, packages_select_by_dep=None, packages_skip_by_dep=None, packages_skip_up_to=None, packages_select_build_failed=False, packages_skip_build_finished=False, packages_select_test_failures=False, packages_skip_test_passed=False, packages_select=None, packages_skip=None, packages_select_regex=None, packages_skip_regex=None, packages_start=None, packages_end=None, allow_overriding=[], cmake_args=None, cmake_target=None, cmake_target_skip_unavailable=False, cmake_clean_cache=False, cmake_clean_first=False, cmake_force_configure=False, ament_cmake_args=None, catkin_cmake_args=None, catkin_skip_building_tests=False, mixin_files=None, mixin=None, verb_parser=<colcon_mixin.mixin.mixin_argument.MixinArgumentDecorator object at 0x78d50a543520>, verb_extension=<colcon_core.verb.build.BuildVerb object at 0x78d50a643c40>, main=<bound method BuildVerb.main of <colcon_core.verb.build.BuildVerb object at 0x78d50a643c40>>, mixin_verb=('build',))
[0.190s] Level 1:colcon.colcon_core.package_discovery:discover_packages(colcon_meta) check parameters
[0.190s] Level 1:colcon.colcon_core.package_discovery:discover_packages(recursive) check parameters
[0.190s] Level 1:colcon.colcon_core.package_discovery:discover_packages(ignore) check parameters
[0.190s] Level 1:colcon.colcon_core.package_discovery:discover_packages(path) check parameters
[0.190s] Level 1:colcon.colcon_core.package_discovery:discover_packages(colcon_meta) discover
[0.190s] Level 1:colcon.colcon_core.package_discovery:discover_packages(recursive) discover
[0.190s] INFO:colcon.colcon_core.package_discovery:Crawling recursively for packages in '/home/bhavana/my_beginner_tutorials'
[0.190s] Level 1:colcon.colcon_core.package_identification:_identify(.) by extensions ['ignore', 'ignore_ament_install']
[0.190s] Level 1:colcon.colcon_core.package_identification:_identify(.) by extension 'ignore'
[0.190s] Level 1:colcon.colcon_core.package_identification:_identify(.) by extension 'ignore_ament_install'
[0.190s] Level 1:colcon.colcon_core.package_identification:_identify(.) by extensions ['colcon_pkg']
[0.190s] Level 1:colcon.colcon_core.package_identification:_identify(.) by extension 'colcon_pkg'
[0.190s] Level 1:colcon.colcon_core.package_identification:_identify(.) by extensions ['colcon_meta']
[0.190s] Level 1:colcon.colcon_core.package_identification:_identify(.) by extension 'colcon_meta'
[0.190s] Level 1:colcon.colcon_core.package_identification:_identify(.) by extensions ['ros']
[0.190s] Level 1:colcon.colcon_core.package_identification:_identify(.) by extension 'ros'
[0.193s] Level 1:colcon.colcon_core.package_identification:_identify(.) by extensions ['cmake', 'python']
[0.193s] Level 1:colcon.colcon_core.package_identification:_identify(.) by extension 'cmake'
[0.193s] Level 1:colcon.colcon_core.package_identification:_identify(.) by extension 'python'
[0.193s] Level 1:colcon.colcon_core.package_identification:_identify(.) by extensions ['python_setup_py']
[0.193s] Level 1:colcon.colcon_core.package_identification:_identify(.) by extension 'python_setup_py'
[0.193s] Level 1:colcon.colcon_core.package_identification:_identify(build) by extensions ['ignore', 'ignore_ament_install']
[0.193s] Level 1:colcon.colcon_core.package_identification:_identify(build) by extension 'ignore'
[0.193s] Level 1:colcon.colcon_core.package_identification:_identify(build) ignored
[0.194s] Level 1:colcon.colcon_core.package_identification:_identify(install) by extensions ['ignore', 'ignore_ament_install']
[0.194s] Level 1:colcon.colcon_core.package_identification:_identify(install) by extension 'ignore'
[0.194s] Level 1:colcon.colcon_core.package_identification:_identify(install) ignored
[0.194s] Level 1:colcon.colcon_core.package_identification:_identify(log) by extensions ['ignore', 'ignore_ament_install']
[0.194s] Level 1:colcon.colcon_core.package_identification:_identify(log) by extension 'ignore'
[0.194s] Level 1:colcon.colcon_core.package_identification:_identify(log) ignored
[0.194s] Level 1:colcon.colcon_core.package_identification:_identify(result) by extensions ['ignore', 'ignore_ament_install']
[0.194s] Level 1:colcon.colcon_core.package_identification:_identify(result) by extension 'ignore'
[0.194s] Level 1:colcon.colcon_core.package_identification:_identify(result) by extension 'ignore_ament_install'
[0.194s] Level 1:colcon.colcon_core.package_identification:_identify(result) by extensions ['colcon_pkg']
[0.194s] Level 1:colcon.colcon_core.package_identification:_identify(result) by extension 'colcon_pkg'
[0.194s] Level 1:colcon.colcon_core.package_identification:_identify(result) by extensions ['colcon_meta']
[0.194s] Level 1:colcon.colcon_core.package_identification:_identify(result) by extension 'colcon_meta'
[0.194s] Level 1:colcon.colcon_core.package_identification:_identify(result) by extensions ['ros']
[0.194s] Level 1:colcon.colcon_core.package_identification:_identify(result) by extension 'ros'
[0.194s] Level 1:colcon.colcon_core.package_identification:_identify(result) by extensions ['cmake', 'python']
[0.194s] Level 1:colcon.colcon_core.package_identification:_identify(result) by extension 'cmake'
[0.194s] Level 1:colcon.colcon_core.package_identification:_identify(result) by extension 'python'
[0.194s] Level 1:colcon.colcon_core.package_identification:_identify(result) by extensions ['python_setup_py']
[0.194s] Level 1:colcon.colcon_core.package_identification:_identify(result) by extension 'python_setup_py'
[0.194s] Level 1:colcon.colcon_core.package_identification:_identify(src) by extensions ['ignore', 'ignore_ament_install']
[0.194s] Level 1:colcon.colcon_core.package_identification:_identify(src) by extension 'ignore'
[0.194s] Level 1:colcon.colcon_core.package_identification:_identify(src) by extension 'ignore_ament_install'
[0.194s] Level 1:colcon.colcon_core.package_identification:_identify(src) by extensions ['colcon_pkg']
[0.194s] Level 1:colcon.colcon_core.package_identification:_identify(src) by extension 'colcon_pkg'
[0.194s] Level 1:colcon.colcon_core.package_identification:_identify(src) by extensions ['colcon_meta']
[0.194s] Level 1:colcon.colcon_core.package_identification:_identify(src) by extension 'colcon_meta'
[0.194s] Level 1:colcon.colcon_core.package_identification:_identify(src) by extensions ['ros']
[0.194s] Level 1:colcon.colcon_core.package_identification:_identify(src) by extension 'ros'
[0.194s] Level 1:colcon.colcon_core.package_identification:_identify(src) by extensions ['cmake', 'python']
[0.194s] Level 1:colcon.colcon_core.package_identification:_identify(src) by extension 'cmake'
[0.195s] Level 1:colcon.colcon_core.package_identification:_identify(src) by extension 'python'
[0.195s] Level 1:colcon.colcon_core.package_identification:_identify(src) by extensions ['python_setup_py']
[0.195s] Level 1:colcon.colcon_core.package_identification:_identify(src) by extension 'python_setup_py'
[0.195s] Level 1:colcon.colcon_core.package_identification:_identify(src/beginner_tutorials) by extensions ['ignore', 'ignore_ament_install']
[0.195s] Level 1:colcon.colcon_core.package_identification:_identify(src/beginner_tutorials) by extension 'ignore'
[0.195s] Level 1:colcon.colcon_core.package_identification:_identify(src/beginner_tutorials) by extension 'ignore_ament_install'
[0.195s] Level 1:colcon.colcon_core.package_identification:_identify(src/beginner_tutorials) by extensions ['colcon_pkg']
[0.195s] Level 1:colcon.colcon_core.package_identification:_identify(src/beginner_tutorials) by extension 'colcon_pkg'
[0.195s] Level 1:colcon.colcon_core.package_identification:_identify(src/beginner_tutorials) by extensions ['colcon_meta']
[0.195s] Level 1:colcon.colcon_core.package_identification:_identify(src/beginner_tutorials) by extension 'colcon_meta'
[0.195s] Level 1:colcon.colcon_core.package_identification:_identify(src/beginner_tutorials) by extensions ['ros']
[0.195s] Level 1:colcon.colcon_core.package_identification:_identify(src/beginner_tutorials) by extension 'ros'
[0.197s] DEBUG:colcon.colcon_core.package_identification:Package 'src/beginner_tutorials' with type 'ros.ament_cmake' and name 'beginner_tutorials'
[0.198s] Level 1:colcon.colcon_core.package_discovery:discover_packages(recursive) using defaults
[0.198s] Level 1:colcon.colcon_core.package_discovery:discover_packages(ignore) discover
[0.198s] Level 1:colcon.colcon_core.package_discovery:discover_packages(ignore) using defaults
[0.198s] Level 1:colcon.colcon_core.package_discovery:discover_packages(path) discover
[0.198s] Level 1:colcon.colcon_core.package_discovery:discover_packages(path) using defaults
[0.218s] Level 1:colcon.colcon_core.package_discovery:discover_packages(prefix_path) check parameters
[0.218s] Level 1:colcon.colcon_core.package_discovery:discover_packages(prefix_path) discover
[0.219s] WARNING:colcon.colcon_ros.prefix_path.ament:The path '/home/bhavana/my_beginner_tutorials/install/beginner_tutorials' in the environment variable AMENT_PREFIX_PATH doesn't exist
[0.219s] WARNING:colcon.colcon_ros.prefix_path.catkin:The path '/home/bhavana/my_beginner_tutorials/install/beginner_tutorials' in the environment variable CMAKE_PREFIX_PATH doesn't exist
[0.220s] DEBUG:colcon.colcon_installed_package_information.package_discovery:Found 0 installed packages in /home/bhavana/my_beginner_tutorials/install
[0.221s] DEBUG:colcon.colcon_installed_package_information.package_discovery:Found 1 installed packages in /home/bhavana/ROS2/my_beginner_tutorials/install
[0.222s] DEBUG:colcon.colcon_installed_package_information.package_discovery:Found 403 installed packages in /opt/ros/humble
[0.223s] Level 1:colcon.colcon_core.package_discovery:discover_packages(prefix_path) using defaults
[0.258s] Level 5:colcon.colcon_core.verb:set package 'beginner_tutorials' build argument 'cmake_args' from command line to 'None'
[0.258s] Level 5:colcon.colcon_core.verb:set package 'beginner_tutorials' build argument 'cmake_target' from command line to 'None'
[0.258s] Level 5:colcon.colcon_core.verb:set package 'beginner_tutorials' build argument 'cmake_target_skip_unavailable' from command line to 'False'
[0.258s] Level 5:colcon.colcon_core.verb:set package 'beginner_tutorials' build argument 'cmake_clean_cache' from command line to 'False'
[0.258s] Level 5:colcon.colcon_core.verb:set package 'beginner_tutorials' build argument 'cmake_clean_first' from command line to 'False'
[0.258s] Level 5:colcon.colcon_core.verb:set package 'beginner_tutorials' build argument 'cmake_force_configure' from command line to 'False'
[0.258s] Level 5:colcon.colcon_core.verb:set package 'beginner_tutorials' build argument 'ament_cmake_args' from command line to 'None'
[0.258s] Level 5:colcon.colcon_core.verb:set package 'beginner_tutorials' build argument 'catkin_cmake_args' from command line to 'None'
[0.258s] Level 5:colcon.colcon_core.verb:set package 'beginner_tutorials' build argument 'catkin_skip_building_tests' from command line to 'False'
[0.258s] DEBUG:colcon.colcon_core.verb:Building package 'beginner_tutorials' with the following arguments: {'ament_cmake_args': None, 'build_base': '/home/bhavana/my_beginner_tutorials/build/beginner_tutorials', 'catkin_cmake_args': None, 'catkin_skip_building_tests': False, 'cmake_args': None, 'cmake_clean_cache': False, 'cmake_clean_first': False, 'cmake_force_configure': False, 'cmake_target': None, 'cmake_target_skip_unavailable': False, 'install_base': '/home/bhavana/my_beginner_tutorials/install/beginner_tutorials', 'merge_install': False, 'path': '/home/bhavana/my_beginner_tutorials/src/beginner_tutorials', 'symlink_install': False, 'test_result_base': None}
[0.259s] INFO:colcon.colcon_core.executor:Executing jobs using 'parallel' executor
[0.260s] DEBUG:colcon.colcon_parallel_executor.executor.parallel:run_until_complete
[0.260s] INFO:colcon.colcon_ros.task.ament_cmake.build:Building ROS package in '/home/bhavana/my_beginner_tutorials/src/beginner_tutorials' with build type 'ament_cmake'
[0.260s] INFO:colcon.colcon_cmake.task.cmake.build:Building CMake package in '/home/bhavana/my_beginner_tutorials/src/beginner_tutorials'
[0.264s] INFO:colcon.colcon_core.plugin_system:Skipping extension 'colcon_core.shell.bat': Not used on non-Windows systems
[0.264s] INFO:colcon.colcon_core.shell:Skip shell extension 'powershell' for command environment: Not usable outside of PowerShell
[0.264s] DEBUG:colcon.colcon_core.shell:Skip shell extension 'dsv' for command environment
[0.273s] DEBUG:colcon.colcon_core.event_handler.log_command:Invoking command in '/home/bhavana/my_beginner_tutorials/build/beginner_tutorials': CMAKE_PREFIX_PATH=${CMAKE_PREFIX_PATH}:/opt/ros/humble /usr/bin/cmake /home/bhavana/my_beginner_tutorials/src/beginner_tutorials -DCMAKE_INSTALL_PREFIX=/home/bhavana/my_beginner_tutorials/install/beginner_tutorials
[1.324s] DEBUG:colcon.colcon_core.event_handler.log_command:Invoked command in '/home/bhavana/my_beginner_tutorials/build/beginner_tutorials' returned '0': CMAKE_PREFIX_PATH=${CMAKE_PREFIX_PATH}:/opt/ros/humble /usr/bin/cmake /home/bhavana/my_beginner_tutorials/src/beginner_tutorials -DCMAKE_INSTALL_PREFIX=/home/bhavana/my_beginner_tutorials/install/beginner_tutorials
[1.326s] DEBUG:colcon.colcon_core.event_handler.log_command:Invoking command in '/home/bhavana/my_beginner_tutorials/build/beginner_tutorials': CMAKE_PREFIX_PATH=${CMAKE_PREFIX_PATH}:/opt/ros/humble /usr/bin/cmake --build /home/bhavana/my_beginner_tutorials/build/beginner_tutorials -- -j4 -l4
[7.902s] DEBUG:colcon.colcon_core.event_handler.log_command:Invoked command in '/home/bhavana/my_beginner_tutorials/build/beginner_tutorials' returned '0': CMAKE_PREFIX_PATH=${CMAKE_PREFIX_PATH}:/opt/ros/humble /usr/bin/cmake --build /home/bhavana/my_beginner_tutorials/build/beginner_tutorials -- -j4 -l4
[7.945s] DEBUG:colcon.colcon_core.event_handler.log_command:Invoking command in '/home/bhavana/my_beginner_tutorials/build/beginner_tutorials': CMAKE_PREFIX_PATH=${CMAKE_PREFIX_PATH}:/opt/ros/humble /usr/bin/cmake --install /home/bhavana/my_beginner_tutorials/build/beginner_tutorials
[7.960s] Level 1:colcon.colcon_core.environment:create_environment_scripts_only(beginner_tutorials)
[7.961s] DEBUG:colcon.colcon_core.event_handler.log_command:Invoked command in '/home/bhavana/my_beginner_tutorials/build/beginner_tutorials' returned '0': CMAKE_PREFIX_PATH=${CMAKE_PREFIX_PATH}:/opt/ros/humble /usr/bin/cmake --install /home/bhavana/my_beginner_tutorials/build/beginner_tutorials
[7.966s] Level 1:colcon.colcon_core.environment:checking '/home/bhavana/my_beginner_tutorials/install/beginner_tutorials' for CMake module files
[7.966s] Level 1:colcon.colcon_core.environment:checking '/home/bhavana/my_beginner_tutorials/install/beginner_tutorials' for CMake config files
[7.966s] Level 1:colcon.colcon_core.shell:create_environment_hook('beginner_tutorials', 'cmake_prefix_path')
[7.967s] INFO:colcon.colcon_core.shell:Creating environment hook '/home/bhavana/my_beginner_tutorials/install/beginner_tutorials/share/beginner_tutorials/hook/cmake_prefix_path.ps1'
[7.967s] INFO:colcon.colcon_core.shell:Creating environment descriptor '/home/bhavana/my_beginner_tutorials/install/beginner_tutorials/share/beginner_tutorials/hook/cmake_prefix_path.dsv'
[7.968s] INFO:colcon.colcon_core.shell:Creating environment hook '/home/bhavana/my_beginner_tutorials/install/beginner_tutorials/share/beginner_tutorials/hook/cmake_prefix_path.sh'
[7.968s] Level 1:colcon.colcon_core.environment:checking '/home/bhavana/my_beginner_tutorials/install/beginner_tutorials/lib'
[7.968s] Level 1:colcon.colcon_core.environment:checking '/home/bhavana/my_beginner_tutorials/install/beginner_tutorials/bin'
[7.968s] Level 1:colcon.colcon_core.environment:checking '/home/bhavana/my_beginner_tutorials/install/beginner_tutorials/lib/pkgconfig/beginner_tutorials.pc'
[7.969s] Level 1:colcon.colcon_core.environment:checking '/home/bhavana/my_beginner_tutorials/install/beginner_tutorials/lib/python3.10/site-packages'
[7.969s] Level 1:colcon.colcon_core.environment:checking '/home/bhavana/my_beginner_tutorials/install/beginner_tutorials/bin'
[7.969s] INFO:colcon.colcon_core.shell:Creating package script '/home/bhavana/my_beginner_tutorials/install/beginner_tutorials/share/beginner_tutorials/package.ps1'
[7.969s] INFO:colcon.colcon_core.shell:Creating package descriptor '/home/bhavana/my_beginner_tutorials/install/beginner_tutorials/share/beginner_tutorials/package.dsv'
[7.970s] INFO:colcon.colcon_core.shell:Creating package script '/home/bhavana/my_beginner_tutorials/install/beginner_tutorials/share/beginner_tutorials/package.sh'
[7.970s] INFO:colcon.colcon_core.shell:Creating package script '/home/bhavana/my_beginner_tutorials/install/beginner_tutorials/share/beginner_tutorials/package.bash'
[7.971s] INFO:colcon.colcon_core.shell:Creating package script '/home/bhavana/my_beginner_tutorials/install/beginner_tutorials/share/beginner_tutorials/package.zsh'
[7.971s] Level 1:colcon.colcon_core.environment:create_file_with_runtime_dependencies(/home/bhavana/my_beginner_tutorials/install/beginner_tutorials/share/colcon-core/packages/beginner_tutorials)
[8.006s] Level 1:colcon.colcon_core.environment:create_environment_scripts_only(beginner_tutorials)
[8.006s] Level 1:colcon.colcon_core.environment:checking '/home/bhavana/my_beginner_tutorials/install/beginner_tutorials' for CMake module files
[8.006s] Level 1:colcon.colcon_core.environment:checking '/home/bhavana/my_beginner_tutorials/install/beginner_tutorials' for CMake config files
[8.007s] Level 1:colcon.colcon_core.shell:create_environment_hook('beginner_tutorials', 'cmake_prefix_path')
[8.007s] INFO:colcon.colcon_core.shell:Creating environment hook '/home/bhavana/my_beginner_tutorials/install/beginner_tutorials/share/beginner_tutorials/hook/cmake_prefix_path.ps1'
[8.007s] INFO:colcon.colcon_core.shell:Creating environment descriptor '/home/bhavana/my_beginner_tutorials/install/beginner_tutorials/share/beginner_tutorials/hook/cmake_prefix_path.dsv'
[8.008s] INFO:colcon.colcon_core.shell:Creating environment hook '/home/bhavana/my_beginner_tutorials/install/beginner_tutorials/share/beginner_tutorials/hook/cmake_prefix_path.sh'
[8.008s] Level 1:colcon.colcon_core.environment:checking '/home/bhavana/my_beginner_tutorials/install/beginner_tutorials/lib'
[8.008s] Level 1:colcon.colcon_core.environment:checking '/home/bhavana/my_beginner_tutorials/install/beginner_tutorials/bin'
[8.008s] Level 1:colcon.colcon_core.environment:checking '/home/bhavana/my_beginner_tutorials/install/beginner_tutorials/lib/pkgconfig/beginner_tutorials.pc'
[8.009s] Level 1:colcon.colcon_core.environment:checking '/home/bhavana/my_beginner_tutorials/install/beginner_tutorials/lib/python3.10/site-packages'
[8.009s] Level 1:colcon.colcon_core.environment:checking '/home/bhavana/my_beginner_tutorials/install/beginner_tutorials/bin'
[8.009s] INFO:colcon.colcon_core.shell:Creating package script '/home/bhavana/my_beginner_tutorials/install/beginner_tutorials/share/beginner_tutorials/package.ps1'
[8.009s] INFO:colcon.colcon_core.shell:Creating package descriptor '/home/bhavana/my_beginner_tutorials/install/beginner_tutorials/share/beginner_tutorials/package.dsv'
[8.010s] INFO:colcon.colcon_core.shell:Creating package script '/home/bhavana/my_beginner_tutorials/install/beginner_tutorials/share/beginner_tutorials/package.sh'
[8.010s] INFO:colcon.colcon_core.shell:Creating package script '/home/bhavana/my_beginner_tutorials/install/beginner_tutorials/share/beginner_tutorials/package.bash'
[8.011s] INFO:colcon.colcon_core.shell:Creating package script '/home/bhavana/my_beginner_tutorials/install/beginner_tutorials/share/beginner_tutorials/package.zsh'
[8.011s] Level 1:colcon.colcon_core.environment:create_file_with_runtime_dependencies(/home/bhavana/my_beginner_tutorials/install/beginner_tutorials/share/colcon-core/packages/beginner_tutorials)
[8.012s] DEBUG:colcon.colcon_parallel_executor.executor.parallel:closing loop
[8.012s] DEBUG:colcon.colcon_parallel_executor.executor.parallel:loop closed
[8.012s] DEBUG:colcon.colcon_parallel_executor.executor.parallel:run_until_complete finished with '0'
[8.012s] DEBUG:colcon.colcon_core.event_reactor:joining thread
[8.018s] INFO:colcon.colcon_core.plugin_system:Skipping extension 'colcon_notification.desktop_notification.terminal_notifier': Not used on non-Darwin systems
[8.018s] INFO:colcon.colcon_core.plugin_system:Skipping extension 'colcon_notification.desktop_notification.win32': Not used on non-Windows systems
[8.018s] INFO:colcon.colcon_notification.desktop_notification:Sending desktop notification using 'notify2'
[8.031s] DEBUG:colcon.colcon_core.event_reactor:joined thread
[8.031s] INFO:colcon.colcon_core.shell:Creating prefix script '/home/bhavana/my_beginner_tutorials/install/local_setup.ps1'
[8.032s] INFO:colcon.colcon_core.shell:Creating prefix util module '/home/bhavana/my_beginner_tutorials/install/_local_setup_util_ps1.py'
[8.033s] INFO:colcon.colcon_core.shell:Creating prefix chain script '/home/bhavana/my_beginner_tutorials/install/setup.ps1'
[8.034s] INFO:colcon.colcon_core.shell:Creating prefix script '/home/bhavana/my_beginner_tutorials/install/local_setup.sh'
[8.034s] INFO:colcon.colcon_core.shell:Creating prefix util module '/home/bhavana/my_beginner_tutorials/install/_local_setup_util_sh.py'
[8.034s] INFO:colcon.colcon_core.shell:Creating prefix chain script '/home/bhavana/my_beginner_tutorials/install/setup.sh'
[8.035s] INFO:colcon.colcon_core.shell:Creating prefix script '/home/bhavana/my_beginner_tutorials/install/local_setup.bash'
[8.036s] INFO:colcon.colcon_core.shell:Creating prefix chain script '/home/bhavana/my_beginner_tutorials/install/setup.bash'
[8.046s] INFO:colcon.colcon_core.shell:Creating prefix script '/home/bhavana/my_beginner_tutorials/install/local_setup.zsh'
[8.047s] INFO:colcon.colcon_core.shell:Creating prefix chain script '/home/bhavana/my_beginner_tutorials/install/setup.zsh'
