[0.011s] Invoking command in '/home/bhavana/my_beginner_tutorials/build/beginner_tutorials': CMAKE_PREFIX_PATH=${CMAKE_PREFIX_PATH}:/opt/ros/humble /usr/bin/cmake /home/bhavana/my_beginner_tutorials/src/beginner_tutorials -DCMAKE_INSTALL_PREFIX=/home/bhavana/my_beginner_tutorials/install/beginner_tutorials
[0.180s] -- The C compiler identification is GNU 11.4.0
[0.319s] -- The CXX compiler identification is GNU 11.4.0
[0.331s] -- Detecting C compiler ABI info
[0.414s] -- Detecting C compiler ABI info - done
[0.420s] -- Check for working C compiler: /usr/bin/cc - skipped
[0.421s] -- Detecting C compile features
[0.422s] -- Detecting C compile features - done
[0.426s] -- Detecting CXX compiler ABI info
[0.502s] -- Detecting CXX compiler ABI info - done
[0.506s] -- Check for working CXX compiler: /usr/bin/c++ - skipped
[0.506s] -- Detecting CXX compile features
[0.507s] -- Detecting CXX compile features - done
[0.525s] -- Found ament_cmake: 1.3.10 (/opt/ros/humble/share/ament_cmake/cmake)
[1.104s] -- Found Python3: /usr/bin/python3 (found version "3.10.12") found components: Interpreter 
[1.195s] -- Found rclcpp: 16.0.10 (/opt/ros/humble/share/rclcpp/cmake)
[1.258s] -- Found rosidl_generator_c: 3.1.5 (/opt/ros/humble/share/rosidl_generator_c/cmake)
[1.265s] -- Found rosidl_adapter: 3.1.5 (/opt/ros/humble/share/rosidl_adapter/cmake)
[1.276s] -- Found rosidl_generator_cpp: 3.1.5 (/opt/ros/humble/share/rosidl_generator_cpp/cmake)
[1.299s] -- Using all available rosidl_typesupport_c: rosidl_typesupport_fastrtps_c;rosidl_typesupport_introspection_c
[1.318s] -- Using all available rosidl_typesupport_cpp: rosidl_typesupport_fastrtps_cpp;rosidl_typesupport_introspection_cpp
[1.379s] -- Found rmw_implementation_cmake: 6.1.2 (/opt/ros/humble/share/rmw_implementation_cmake/cmake)
[1.382s] -- Found rmw_cyclonedds_cpp: 1.3.4 (/opt/ros/humble/share/rmw_cyclonedds_cpp/cmake)
[1.409s] -- Using RMW implementation 'rmw_cyclonedds_cpp' as default
[1.421s] -- Looking for pthread.h
[1.514s] -- Looking for pthread.h - found
[1.515s] -- Performing Test CMAKE_HAVE_LIBC_PTHREAD
[1.580s] -- Performing Test CMAKE_HAVE_LIBC_PTHREAD - Success
[1.581s] -- Found Threads: TRUE  
[1.651s] -- Found example_interfaces: 0.9.3 (/opt/ros/humble/share/example_interfaces/cmake)
[1.705s] -- Found geometry_msgs: 4.2.4 (/opt/ros/humble/share/geometry_msgs/cmake)
[1.726s] -- Found tf2: 0.25.8 (/opt/ros/humble/share/tf2/cmake)
[1.740s] -- Found tf2_ros: 0.25.8 (/opt/ros/humble/share/tf2_ros/cmake)
[1.814s] -- Found tf2_geometry_msgs: 0.25.8 (/opt/ros/humble/share/tf2_geometry_msgs/cmake)
[1.827s] -- Found eigen3_cmake_module: 0.1.1 (/opt/ros/humble/share/eigen3_cmake_module/cmake)
[1.829s] -- Found Eigen3: TRUE (found version "3.4.0") 
[1.829s] -- Ensuring Eigen3 include directory is part of orocos-kdl CMake target
[1.832s] -- Found turtlesim: 1.4.2 (/opt/ros/humble/share/turtlesim/cmake)
[1.851s] -- Found ament_lint_auto: 0.12.11 (/opt/ros/humble/share/ament_lint_auto/cmake)
[1.933s] -- Added test 'cppcheck' to perform static code analysis on C / C++ code
[1.933s] -- Configured cppcheck include dirs: 
[1.933s] -- Configured cppcheck exclude dirs and/or files: 
[1.933s] -- Added test 'flake8' to check Python code syntax and style conventions
[1.934s] -- Added test 'lint_cmake' to check CMake code style
[1.934s] -- Added test 'pep257' to check Python code against some of the docstring style conventions in PEP 257
[1.935s] -- Added test 'uncrustify' to check C / C++ code style
[1.935s] -- Configured uncrustify additional arguments: 
[1.936s] -- Added test 'xmllint' to check XML markup files
[1.938s] -- Configuring done
[1.956s] -- Generating done
[1.958s] -- Build files have been written to: /home/bhavana/my_beginner_tutorials/build/beginner_tutorials
[1.966s] Invoked command in '/home/bhavana/my_beginner_tutorials/build/beginner_tutorials' returned '0': CMAKE_PREFIX_PATH=${CMAKE_PREFIX_PATH}:/opt/ros/humble /usr/bin/cmake /home/bhavana/my_beginner_tutorials/src/beginner_tutorials -DCMAKE_INSTALL_PREFIX=/home/bhavana/my_beginner_tutorials/install/beginner_tutorials
[1.969s] Invoking command in '/home/bhavana/my_beginner_tutorials/build/beginner_tutorials': CMAKE_PREFIX_PATH=${CMAKE_PREFIX_PATH}:/opt/ros/humble /usr/bin/cmake --build /home/bhavana/my_beginner_tutorials/build/beginner_tutorials -- -j4 -l4
[2.013s] [ 16%] [32mBuilding CXX object CMakeFiles/talker.dir/src/publisher_member_function.cpp.o[0m
[2.013s] [ 33%] [32mBuilding CXX object CMakeFiles/test_talker.dir/test/test_talker.cpp.o[0m
[2.013s] [ 50%] [32mBuilding CXX object CMakeFiles/listener.dir/src/subscriber_member_function.cpp.o[0m
[5.682s] [ 66%] [32m[1mLinking CXX executable listener[0m
[5.982s] [ 66%] Built target listener
[6.062s] [ 83%] [32m[1mLinking CXX executable talker[0m
[6.244s] [ 83%] Built target talker
[14.914s] [100%] [32m[1mLinking CXX executable test_talker[0m
[15.448s] [100%] Built target test_talker
[15.461s] Invoked command in '/home/bhavana/my_beginner_tutorials/build/beginner_tutorials' returned '0': CMAKE_PREFIX_PATH=${CMAKE_PREFIX_PATH}:/opt/ros/humble /usr/bin/cmake --build /home/bhavana/my_beginner_tutorials/build/beginner_tutorials -- -j4 -l4
[15.506s] Invoking command in '/home/bhavana/my_beginner_tutorials/build/beginner_tutorials': CMAKE_PREFIX_PATH=${CMAKE_PREFIX_PATH}:/opt/ros/humble /usr/bin/cmake --install /home/bhavana/my_beginner_tutorials/build/beginner_tutorials
[15.532s] -- Install configuration: ""
[15.532s] -- Installing: /home/bhavana/my_beginner_tutorials/install/beginner_tutorials/lib/beginner_tutorials/talker
[15.534s] -- Set runtime path of "/home/bhavana/my_beginner_tutorials/install/beginner_tutorials/lib/beginner_tutorials/talker" to ""
[15.534s] -- Installing: /home/bhavana/my_beginner_tutorials/install/beginner_tutorials/lib/beginner_tutorials/listener
[15.534s] -- Set runtime path of "/home/bhavana/my_beginner_tutorials/install/beginner_tutorials/lib/beginner_tutorials/listener" to ""
[15.534s] -- Installing: /home/bhavana/my_beginner_tutorials/install/beginner_tutorials/share/beginner_tutorials/launch
[15.535s] -- Installing: /home/bhavana/my_beginner_tutorials/install/beginner_tutorials/share/beginner_tutorials/launch/ros_bag_launch.py
[15.535s] -- Installing: /home/bhavana/my_beginner_tutorials/install/beginner_tutorials/share/beginner_tutorials/launch/minimal_pubsub_launch.py
[15.536s] -- Installing: /home/bhavana/my_beginner_tutorials/install/beginner_tutorials/share/ament_index/resource_index/package_run_dependencies/beginner_tutorials
[15.536s] -- Installing: /home/bhavana/my_beginner_tutorials/install/beginner_tutorials/share/ament_index/resource_index/parent_prefix_path/beginner_tutorials
[15.536s] -- Installing: /home/bhavana/my_beginner_tutorials/install/beginner_tutorials/share/beginner_tutorials/environment/ament_prefix_path.sh
[15.537s] -- Installing: /home/bhavana/my_beginner_tutorials/install/beginner_tutorials/share/beginner_tutorials/environment/ament_prefix_path.dsv
[15.537s] -- Installing: /home/bhavana/my_beginner_tutorials/install/beginner_tutorials/share/beginner_tutorials/environment/path.sh
[15.538s] -- Installing: /home/bhavana/my_beginner_tutorials/install/beginner_tutorials/share/beginner_tutorials/environment/path.dsv
[15.538s] -- Installing: /home/bhavana/my_beginner_tutorials/install/beginner_tutorials/share/beginner_tutorials/local_setup.bash
[15.538s] -- Installing: /home/bhavana/my_beginner_tutorials/install/beginner_tutorials/share/beginner_tutorials/local_setup.sh
[15.539s] -- Installing: /home/bhavana/my_beginner_tutorials/install/beginner_tutorials/share/beginner_tutorials/local_setup.zsh
[15.539s] -- Installing: /home/bhavana/my_beginner_tutorials/install/beginner_tutorials/share/beginner_tutorials/local_setup.dsv
[15.539s] -- Installing: /home/bhavana/my_beginner_tutorials/install/beginner_tutorials/share/beginner_tutorials/package.dsv
[15.539s] -- Installing: /home/bhavana/my_beginner_tutorials/install/beginner_tutorials/share/ament_index/resource_index/packages/beginner_tutorials
[15.540s] -- Installing: /home/bhavana/my_beginner_tutorials/install/beginner_tutorials/share/beginner_tutorials/cmake/beginner_tutorialsConfig.cmake
[15.540s] -- Installing: /home/bhavana/my_beginner_tutorials/install/beginner_tutorials/share/beginner_tutorials/cmake/beginner_tutorialsConfig-version.cmake
[15.541s] -- Installing: /home/bhavana/my_beginner_tutorials/install/beginner_tutorials/share/beginner_tutorials/package.xml
[15.543s] Invoked command in '/home/bhavana/my_beginner_tutorials/build/beginner_tutorials' returned '0': CMAKE_PREFIX_PATH=${CMAKE_PREFIX_PATH}:/opt/ros/humble /usr/bin/cmake --install /home/bhavana/my_beginner_tutorials/build/beginner_tutorials
